"2024-03-02 11:36:37,460 INFO  [SpringApplicationShutdownHook] org.springframework.orm.jpa.LocalContainerEntityManagerFactoryBean : Closing JPA EntityManagerFactory for persistence unit 'default'
""2024-03-02 11:36:37,465 INFO  [SpringApplicationShutdownHook] com.zaxxer.hikari.HikariDataSource : HikariPool-1 - Shutdown initiated...
""2024-03-02 11:36:37,468 INFO  [SpringApplicationShutdownHook] com.zaxxer.hikari.HikariDataSource : HikariPool-1 - Shutdown completed.
""2024-03-02 17:08:24,674 INFO  [main] com.nicosandoval.ArquitecturaHexagonal.ArquitecturaHexagonalApplication : Starting ArquitecturaHexagonalApplication using Java 17.0.10 with PID 39843 (/home/nico/Documentos/DIFtm/ArquitecturaHexagonal/target/classes started by nico in /home/nico/Documentos/DIFtm/ArquitecturaHexagonal)
""2024-03-02 17:08:24,675 INFO  [main] com.nicosandoval.ArquitecturaHexagonal.ArquitecturaHexagonalApplication : No active profile set, falling back to 1 default profile: "default"
""2024-03-02 17:08:25,218 INFO  [main] org.springframework.data.repository.config.RepositoryConfigurationDelegate : Bootstrapping Spring Data JPA repositories in DEFAULT mode.
""2024-03-02 17:08:25,275 INFO  [main] org.springframework.data.repository.config.RepositoryConfigurationDelegate : Finished Spring Data repository scanning in 47 ms. Found 1 JPA repository interface.
""2024-03-02 17:08:25,722 INFO  [main] org.springframework.boot.web.embedded.tomcat.TomcatWebServer : Tomcat initialized with port 8080 (http)
""2024-03-02 17:08:25,730 INFO  [main] org.apache.catalina.core.StandardService : Starting service [Tomcat]
""2024-03-02 17:08:25,730 INFO  [main] org.apache.catalina.core.StandardEngine : Starting Servlet engine: [Apache Tomcat/10.1.19]
""2024-03-02 17:08:25,769 INFO  [main] org.apache.catalina.core.ContainerBase.[Tomcat].[localhost].[/] : Initializing Spring embedded WebApplicationContext
""2024-03-02 17:08:25,769 INFO  [main] org.springframework.boot.web.servlet.context.ServletWebServerApplicationContext : Root WebApplicationContext: initialization completed in 1060 ms
""2024-03-02 17:08:26,180 INFO  [main] org.springframework.orm.jpa.persistenceunit.SpringPersistenceUnitInfo : No LoadTimeWeaver setup: ignoring JPA class transformer
""2024-03-02 17:08:26,206 INFO  [main] com.zaxxer.hikari.HikariDataSource : HikariPool-1 - Starting...
""2024-03-02 17:08:26,472 INFO  [main] com.zaxxer.hikari.pool.HikariPool : HikariPool-1 - Added connection org.postgresql.jdbc.PgConnection@48dff674
""2024-03-02 17:08:26,473 INFO  [main] com.zaxxer.hikari.HikariDataSource : HikariPool-1 - Start completed.
""2024-03-02 17:08:27,146 INFO  [main] org.springframework.orm.jpa.LocalContainerEntityManagerFactoryBean : Initialized JPA EntityManagerFactory for persistence unit 'default'
""2024-03-02 17:08:27,347 WARN  [main] org.springframework.boot.autoconfigure.orm.jpa.JpaBaseConfiguration$JpaWebConfiguration : spring.jpa.open-in-view is enabled by default. Therefore, database queries may be performed during view rendering. Explicitly configure spring.jpa.open-in-view to disable this warning
""2024-03-02 17:08:27,420 DEBUG [main] org.springframework.web.servlet.mvc.method.annotation.RequestMappingHandlerMapping : 8 mappings in 'requestMappingHandlerMapping'
""2024-03-02 17:08:27,491 DEBUG [main] org.springframework.web.servlet.handler.SimpleUrlHandlerMapping : Patterns [/webjars/**, /**] in 'resourceHandlerMapping'
""2024-03-02 17:08:27,519 DEBUG [main] org.springframework.web.servlet.mvc.method.annotation.RequestMappingHandlerAdapter : ControllerAdvice beans: 0 @ModelAttribute, 0 @InitBinder, 1 RequestBodyAdvice, 1 ResponseBodyAdvice
""2024-03-02 17:08:27,540 DEBUG [main] org.springframework.web.servlet.mvc.method.annotation.ExceptionHandlerExceptionResolver : ControllerAdvice beans: 0 @ExceptionHandler, 1 ResponseBodyAdvice
""2024-03-02 17:08:27,632 INFO  [main] org.springframework.boot.web.embedded.tomcat.TomcatWebServer : Tomcat started on port 8080 (http) with context path ''
""2024-03-02 17:08:27,640 INFO  [main] com.nicosandoval.ArquitecturaHexagonal.ArquitecturaHexagonalApplication : Started ArquitecturaHexagonalApplication in 3.38 seconds (process running for 3.728)
""2024-03-02 17:08:49,468 INFO  [http-nio-8080-exec-1] org.apache.catalina.core.ContainerBase.[Tomcat].[localhost].[/] : Initializing Spring DispatcherServlet 'dispatcherServlet'
""2024-03-02 17:08:49,468 INFO  [http-nio-8080-exec-1] org.springframework.web.servlet.DispatcherServlet : Initializing Servlet 'dispatcherServlet'
""2024-03-02 17:08:49,469 DEBUG [http-nio-8080-exec-1] org.springframework.web.servlet.DispatcherServlet : Detected StandardServletMultipartResolver
""2024-03-02 17:08:49,469 DEBUG [http-nio-8080-exec-1] org.springframework.web.servlet.DispatcherServlet : Detected AcceptHeaderLocaleResolver
""2024-03-02 17:08:49,469 DEBUG [http-nio-8080-exec-1] org.springframework.web.servlet.DispatcherServlet : Detected FixedThemeResolver
""2024-03-02 17:08:49,470 DEBUG [http-nio-8080-exec-1] org.springframework.web.servlet.DispatcherServlet : Detected org.springframework.web.servlet.view.DefaultRequestToViewNameTranslator@1abea1ed
""2024-03-02 17:08:49,470 DEBUG [http-nio-8080-exec-1] org.springframework.web.servlet.DispatcherServlet : Detected org.springframework.web.servlet.support.SessionFlashMapManager@177302d6
""2024-03-02 17:08:49,470 DEBUG [http-nio-8080-exec-1] org.springframework.web.servlet.DispatcherServlet : enableLoggingRequestDetails='false': request parameters and headers will be masked to prevent unsafe logging of potentially sensitive data
""2024-03-02 17:08:49,470 INFO  [http-nio-8080-exec-1] org.springframework.web.servlet.DispatcherServlet : Completed initialization in 1 ms
""2024-03-02 17:08:49,475 DEBUG [http-nio-8080-exec-1] org.springframework.web.servlet.DispatcherServlet : GET "/api/tasks", parameters={}
""2024-03-02 17:08:49,479 DEBUG [http-nio-8080-exec-1] org.springframework.web.servlet.mvc.method.annotation.RequestMappingHandlerMapping : Mapped to com.nicosandoval.ArquitecturaHexagonal.infrastructure.controllers.TaskController#getAllTasks()
""2024-03-02 17:08:49,590 DEBUG [http-nio-8080-exec-1] org.hibernate.SQL : select te1_0.id,te1_0.completed,te1_0.creation_date,te1_0.description,te1_0.title from task_entiy te1_0
""2024-03-02 17:08:49,611 DEBUG [http-nio-8080-exec-1] org.springframework.web.servlet.mvc.method.annotation.HttpEntityMethodProcessor : Using 'application/json', given [*/*] and supported [application/json, application/*+json]
""2024-03-02 17:08:49,612 DEBUG [http-nio-8080-exec-1] org.springframework.web.servlet.mvc.method.annotation.HttpEntityMethodProcessor : Writing [[com.nicosandoval.ArquitecturaHexagonal.domain.models.Task@1cb85f3e, com.nicosandoval.ArquitecturaHe (truncated)...]
""2024-03-02 17:08:49,639 DEBUG [http-nio-8080-exec-1] org.springframework.web.servlet.DispatcherServlet : Completed 200 OK
""2024-03-02 17:09:19,617 DEBUG [http-nio-8080-exec-3] org.springframework.web.servlet.DispatcherServlet : POST "/api/tasks", parameters={}
""2024-03-02 17:09:19,618 DEBUG [http-nio-8080-exec-3] org.springframework.web.servlet.mvc.method.annotation.RequestMappingHandlerMapping : Mapped to com.nicosandoval.ArquitecturaHexagonal.infrastructure.controllers.TaskController#createTask(Task)
""2024-03-02 17:09:19,641 DEBUG [http-nio-8080-exec-3] org.springframework.web.servlet.mvc.method.annotation.RequestResponseBodyMethodProcessor : Read "application/json;charset=UTF-8" to [com.nicosandoval.ArquitecturaHexagonal.domain.models.Task@142a8d17]
""2024-03-02 17:09:19,650 DEBUG [http-nio-8080-exec-3] org.hibernate.SQL : select te1_0.id,te1_0.completed,te1_0.creation_date,te1_0.description,te1_0.title from task_entiy te1_0 where te1_0.id=?
""2024-03-02 17:09:19,657 DEBUG [http-nio-8080-exec-3] org.hibernate.SQL : insert into task_entiy (completed,creation_date,description,title) values (?,?,?,?)
""2024-03-02 17:09:19,669 DEBUG [http-nio-8080-exec-3] org.springframework.web.servlet.mvc.method.annotation.HttpEntityMethodProcessor : Using 'application/json', given [*/*] and supported [application/json, application/*+json]
""2024-03-02 17:09:19,669 DEBUG [http-nio-8080-exec-3] org.springframework.web.servlet.mvc.method.annotation.HttpEntityMethodProcessor : Writing [com.nicosandoval.ArquitecturaHexagonal.domain.models.Task@f4261ee]
""2024-03-02 17:09:19,670 DEBUG [http-nio-8080-exec-3] org.springframework.web.servlet.DispatcherServlet : Completed 201 CREATED
""2024-03-02 17:09:35,624 DEBUG [http-nio-8080-exec-4] org.springframework.web.servlet.DispatcherServlet : GET "/api/tasks/26", parameters={}
""2024-03-02 17:09:35,625 DEBUG [http-nio-8080-exec-4] org.springframework.web.servlet.mvc.method.annotation.RequestMappingHandlerMapping : Mapped to com.nicosandoval.ArquitecturaHexagonal.infrastructure.controllers.TaskController#getTaskById(Long)
""2024-03-02 17:09:35,628 DEBUG [http-nio-8080-exec-4] org.hibernate.SQL : select te1_0.id,te1_0.completed,te1_0.creation_date,te1_0.description,te1_0.title from task_entiy te1_0 where te1_0.id=?
""2024-03-02 17:09:35,631 DEBUG [http-nio-8080-exec-4] org.springframework.web.servlet.mvc.method.annotation.HttpEntityMethodProcessor : Using 'application/json', given [*/*] and supported [application/json, application/*+json]
""2024-03-02 17:09:35,631 DEBUG [http-nio-8080-exec-4] org.springframework.web.servlet.mvc.method.annotation.HttpEntityMethodProcessor : Writing [com.nicosandoval.ArquitecturaHexagonal.domain.models.Task@6ba0ae2e]
""2024-03-02 17:09:35,632 DEBUG [http-nio-8080-exec-4] org.springframework.web.servlet.DispatcherServlet : Completed 200 OK
""2024-03-02 17:10:09,173 DEBUG [http-nio-8080-exec-5] org.springframework.web.servlet.DispatcherServlet : PUT "/api/tasks/26", parameters={}
""2024-03-02 17:10:09,174 DEBUG [http-nio-8080-exec-5] org.springframework.web.servlet.mvc.method.annotation.RequestMappingHandlerMapping : Mapped to com.nicosandoval.ArquitecturaHexagonal.infrastructure.controllers.TaskController#updateTask(Long, Task)
""2024-03-02 17:10:09,175 DEBUG [http-nio-8080-exec-5] org.springframework.web.servlet.mvc.method.annotation.RequestResponseBodyMethodProcessor : Read "application/json;charset=UTF-8" to [com.nicosandoval.ArquitecturaHexagonal.domain.models.Task@18614df6]
""2024-03-02 17:10:09,314 DEBUG [http-nio-8080-exec-5] org.hibernate.SQL : select count(*) from task_entiy te1_0 where te1_0.id=?
""2024-03-02 17:10:09,316 DEBUG [http-nio-8080-exec-5] org.hibernate.SQL : select te1_0.id,te1_0.completed,te1_0.creation_date,te1_0.description,te1_0.title from task_entiy te1_0 where te1_0.id=?
""2024-03-02 17:10:09,321 DEBUG [http-nio-8080-exec-5] org.hibernate.SQL : update task_entiy set completed=?,creation_date=?,description=?,title=? where id=?
""2024-03-02 17:10:09,324 DEBUG [http-nio-8080-exec-5] org.springframework.web.servlet.mvc.method.annotation.HttpEntityMethodProcessor : Using 'application/json', given [*/*] and supported [application/json, application/*+json]
""2024-03-02 17:10:09,324 DEBUG [http-nio-8080-exec-5] org.springframework.web.servlet.mvc.method.annotation.HttpEntityMethodProcessor : Writing [com.nicosandoval.ArquitecturaHexagonal.domain.models.Task@2b2f824f]
""2024-03-02 17:10:09,325 DEBUG [http-nio-8080-exec-5] org.springframework.web.servlet.DispatcherServlet : Completed 200 OK
""2024-03-02 17:11:21,889 DEBUG [http-nio-8080-exec-8] org.springframework.web.servlet.DispatcherServlet : PUT "/api/tasks/26", parameters={}
""2024-03-02 17:11:21,889 DEBUG [http-nio-8080-exec-8] org.springframework.web.servlet.mvc.method.annotation.RequestMappingHandlerMapping : Mapped to com.nicosandoval.ArquitecturaHexagonal.infrastructure.controllers.TaskController#updateTask(Long, Task)
""2024-03-02 17:11:21,890 DEBUG [http-nio-8080-exec-8] org.springframework.web.servlet.mvc.method.annotation.RequestResponseBodyMethodProcessor : Read "application/json;charset=UTF-8" to [com.nicosandoval.ArquitecturaHexagonal.domain.models.Task@c33477d]
""2024-03-02 17:11:21,892 DEBUG [http-nio-8080-exec-8] org.hibernate.SQL : select count(*) from task_entiy te1_0 where te1_0.id=?
""2024-03-02 17:11:21,893 DEBUG [http-nio-8080-exec-8] org.hibernate.SQL : select te1_0.id,te1_0.completed,te1_0.creation_date,te1_0.description,te1_0.title from task_entiy te1_0 where te1_0.id=?
""2024-03-02 17:11:21,895 DEBUG [http-nio-8080-exec-8] org.springframework.web.servlet.mvc.method.annotation.HttpEntityMethodProcessor : Using 'application/json', given [*/*] and supported [application/json, application/*+json]
""2024-03-02 17:11:21,895 DEBUG [http-nio-8080-exec-8] org.springframework.web.servlet.mvc.method.annotation.HttpEntityMethodProcessor : Writing [com.nicosandoval.ArquitecturaHexagonal.domain.models.Task@401adf3]
""2024-03-02 17:11:21,895 DEBUG [http-nio-8080-exec-8] org.springframework.web.servlet.DispatcherServlet : Completed 200 OK
""2024-03-02 17:11:30,924 DEBUG [http-nio-8080-exec-9] org.springframework.web.servlet.DispatcherServlet : PUT "/api/tasks/26", parameters={}
""2024-03-02 17:11:30,924 DEBUG [http-nio-8080-exec-9] org.springframework.web.servlet.mvc.method.annotation.RequestMappingHandlerMapping : Mapped to com.nicosandoval.ArquitecturaHexagonal.infrastructure.controllers.TaskController#updateTask(Long, Task)
""2024-03-02 17:11:30,925 DEBUG [http-nio-8080-exec-9] org.springframework.web.servlet.mvc.method.annotation.RequestResponseBodyMethodProcessor : Read "application/json;charset=UTF-8" to [com.nicosandoval.ArquitecturaHexagonal.domain.models.Task@5b4d53ea]
""2024-03-02 17:11:30,926 DEBUG [http-nio-8080-exec-9] org.hibernate.SQL : select count(*) from task_entiy te1_0 where te1_0.id=?
""2024-03-02 17:11:30,927 DEBUG [http-nio-8080-exec-9] org.hibernate.SQL : select te1_0.id,te1_0.completed,te1_0.creation_date,te1_0.description,te1_0.title from task_entiy te1_0 where te1_0.id=?
""2024-03-02 17:11:30,929 DEBUG [http-nio-8080-exec-9] org.springframework.web.servlet.mvc.method.annotation.HttpEntityMethodProcessor : Using 'application/json', given [*/*] and supported [application/json, application/*+json]
""2024-03-02 17:11:30,929 DEBUG [http-nio-8080-exec-9] org.springframework.web.servlet.mvc.method.annotation.HttpEntityMethodProcessor : Writing [com.nicosandoval.ArquitecturaHexagonal.domain.models.Task@70d64bb6]
""2024-03-02 17:11:30,930 DEBUG [http-nio-8080-exec-9] org.springframework.web.servlet.DispatcherServlet : Completed 200 OK
""2024-03-02 17:11:31,621 DEBUG [http-nio-8080-exec-10] org.springframework.web.servlet.DispatcherServlet : PUT "/api/tasks/26", parameters={}
""2024-03-02 17:11:31,622 DEBUG [http-nio-8080-exec-10] org.springframework.web.servlet.mvc.method.annotation.RequestMappingHandlerMapping : Mapped to com.nicosandoval.ArquitecturaHexagonal.infrastructure.controllers.TaskController#updateTask(Long, Task)
""2024-03-02 17:11:31,623 DEBUG [http-nio-8080-exec-10] org.springframework.web.servlet.mvc.method.annotation.RequestResponseBodyMethodProcessor : Read "application/json;charset=UTF-8" to [com.nicosandoval.ArquitecturaHexagonal.domain.models.Task@5e7eec3e]
""2024-03-02 17:11:31,624 DEBUG [http-nio-8080-exec-10] org.hibernate.SQL : select count(*) from task_entiy te1_0 where te1_0.id=?
""2024-03-02 17:11:31,625 DEBUG [http-nio-8080-exec-10] org.hibernate.SQL : select te1_0.id,te1_0.completed,te1_0.creation_date,te1_0.description,te1_0.title from task_entiy te1_0 where te1_0.id=?
""2024-03-02 17:11:31,627 DEBUG [http-nio-8080-exec-10] org.springframework.web.servlet.mvc.method.annotation.HttpEntityMethodProcessor : Using 'application/json', given [*/*] and supported [application/json, application/*+json]
""2024-03-02 17:11:31,627 DEBUG [http-nio-8080-exec-10] org.springframework.web.servlet.mvc.method.annotation.HttpEntityMethodProcessor : Writing [com.nicosandoval.ArquitecturaHexagonal.domain.models.Task@601983d4]
""2024-03-02 17:11:31,627 DEBUG [http-nio-8080-exec-10] org.springframework.web.servlet.DispatcherServlet : Completed 200 OK
""2024-03-02 17:11:32,167 DEBUG [http-nio-8080-exec-2] org.springframework.web.servlet.DispatcherServlet : PUT "/api/tasks/26", parameters={}
""2024-03-02 17:11:32,167 DEBUG [http-nio-8080-exec-2] org.springframework.web.servlet.mvc.method.annotation.RequestMappingHandlerMapping : Mapped to com.nicosandoval.ArquitecturaHexagonal.infrastructure.controllers.TaskController#updateTask(Long, Task)
""2024-03-02 17:11:32,168 DEBUG [http-nio-8080-exec-2] org.springframework.web.servlet.mvc.method.annotation.RequestResponseBodyMethodProcessor : Read "application/json;charset=UTF-8" to [com.nicosandoval.ArquitecturaHexagonal.domain.models.Task@3f8688ec]
""2024-03-02 17:11:32,169 DEBUG [http-nio-8080-exec-2] org.hibernate.SQL : select count(*) from task_entiy te1_0 where te1_0.id=?
""2024-03-02 17:11:32,170 DEBUG [http-nio-8080-exec-2] org.hibernate.SQL : select te1_0.id,te1_0.completed,te1_0.creation_date,te1_0.description,te1_0.title from task_entiy te1_0 where te1_0.id=?
""2024-03-02 17:11:32,171 DEBUG [http-nio-8080-exec-2] org.springframework.web.servlet.mvc.method.annotation.HttpEntityMethodProcessor : Using 'application/json', given [*/*] and supported [application/json, application/*+json]
""2024-03-02 17:11:32,171 DEBUG [http-nio-8080-exec-2] org.springframework.web.servlet.mvc.method.annotation.HttpEntityMethodProcessor : Writing [com.nicosandoval.ArquitecturaHexagonal.domain.models.Task@63001d2b]
""2024-03-02 17:11:32,172 DEBUG [http-nio-8080-exec-2] org.springframework.web.servlet.DispatcherServlet : Completed 200 OK
""2024-03-02 17:11:32,583 DEBUG [http-nio-8080-exec-1] org.springframework.web.servlet.DispatcherServlet : PUT "/api/tasks/26", parameters={}
""2024-03-02 17:11:32,583 DEBUG [http-nio-8080-exec-1] org.springframework.web.servlet.mvc.method.annotation.RequestMappingHandlerMapping : Mapped to com.nicosandoval.ArquitecturaHexagonal.infrastructure.controllers.TaskController#updateTask(Long, Task)
""2024-03-02 17:11:32,584 DEBUG [http-nio-8080-exec-1] org.springframework.web.servlet.mvc.method.annotation.RequestResponseBodyMethodProcessor : Read "application/json;charset=UTF-8" to [com.nicosandoval.ArquitecturaHexagonal.domain.models.Task@a6f2356]
""2024-03-02 17:11:32,585 DEBUG [http-nio-8080-exec-1] org.hibernate.SQL : select count(*) from task_entiy te1_0 where te1_0.id=?
""2024-03-02 17:11:32,586 DEBUG [http-nio-8080-exec-1] org.hibernate.SQL : select te1_0.id,te1_0.completed,te1_0.creation_date,te1_0.description,te1_0.title from task_entiy te1_0 where te1_0.id=?
""2024-03-02 17:11:32,587 DEBUG [http-nio-8080-exec-1] org.springframework.web.servlet.mvc.method.annotation.HttpEntityMethodProcessor : Using 'application/json', given [*/*] and supported [application/json, application/*+json]
""2024-03-02 17:11:32,587 DEBUG [http-nio-8080-exec-1] org.springframework.web.servlet.mvc.method.annotation.HttpEntityMethodProcessor : Writing [com.nicosandoval.ArquitecturaHexagonal.domain.models.Task@6691d09f]
""2024-03-02 17:11:32,587 DEBUG [http-nio-8080-exec-1] org.springframework.web.servlet.DispatcherServlet : Completed 200 OK
""2024-03-02 17:11:33,033 DEBUG [http-nio-8080-exec-3] org.springframework.web.servlet.DispatcherServlet : PUT "/api/tasks/26", parameters={}
""2024-03-02 17:11:33,033 DEBUG [http-nio-8080-exec-3] org.springframework.web.servlet.mvc.method.annotation.RequestMappingHandlerMapping : Mapped to com.nicosandoval.ArquitecturaHexagonal.infrastructure.controllers.TaskController#updateTask(Long, Task)
""2024-03-02 17:11:33,034 DEBUG [http-nio-8080-exec-3] org.springframework.web.servlet.mvc.method.annotation.RequestResponseBodyMethodProcessor : Read "application/json;charset=UTF-8" to [com.nicosandoval.ArquitecturaHexagonal.domain.models.Task@36356bb4]
""2024-03-02 17:11:33,034 DEBUG [http-nio-8080-exec-3] org.hibernate.SQL : select count(*) from task_entiy te1_0 where te1_0.id=?
""2024-03-02 17:11:33,036 DEBUG [http-nio-8080-exec-3] org.hibernate.SQL : select te1_0.id,te1_0.completed,te1_0.creation_date,te1_0.description,te1_0.title from task_entiy te1_0 where te1_0.id=?
""2024-03-02 17:11:33,037 DEBUG [http-nio-8080-exec-3] org.springframework.web.servlet.mvc.method.annotation.HttpEntityMethodProcessor : Using 'application/json', given [*/*] and supported [application/json, application/*+json]
""2024-03-02 17:11:33,037 DEBUG [http-nio-8080-exec-3] org.springframework.web.servlet.mvc.method.annotation.HttpEntityMethodProcessor : Writing [com.nicosandoval.ArquitecturaHexagonal.domain.models.Task@13b50bec]
""2024-03-02 17:11:33,037 DEBUG [http-nio-8080-exec-3] org.springframework.web.servlet.DispatcherServlet : Completed 200 OK
""2024-03-02 17:11:33,422 DEBUG [http-nio-8080-exec-4] org.springframework.web.servlet.DispatcherServlet : PUT "/api/tasks/26", parameters={}
""2024-03-02 17:11:33,422 DEBUG [http-nio-8080-exec-4] org.springframework.web.servlet.mvc.method.annotation.RequestMappingHandlerMapping : Mapped to com.nicosandoval.ArquitecturaHexagonal.infrastructure.controllers.TaskController#updateTask(Long, Task)
""2024-03-02 17:11:33,423 DEBUG [http-nio-8080-exec-4] org.springframework.web.servlet.mvc.method.annotation.RequestResponseBodyMethodProcessor : Read "application/json;charset=UTF-8" to [com.nicosandoval.ArquitecturaHexagonal.domain.models.Task@737e9a81]
""2024-03-02 17:11:33,424 DEBUG [http-nio-8080-exec-4] org.hibernate.SQL : select count(*) from task_entiy te1_0 where te1_0.id=?
""2024-03-02 17:11:33,425 DEBUG [http-nio-8080-exec-4] org.hibernate.SQL : select te1_0.id,te1_0.completed,te1_0.creation_date,te1_0.description,te1_0.title from task_entiy te1_0 where te1_0.id=?
""2024-03-02 17:11:33,426 DEBUG [http-nio-8080-exec-4] org.springframework.web.servlet.mvc.method.annotation.HttpEntityMethodProcessor : Using 'application/json', given [*/*] and supported [application/json, application/*+json]
""2024-03-02 17:11:33,426 DEBUG [http-nio-8080-exec-4] org.springframework.web.servlet.mvc.method.annotation.HttpEntityMethodProcessor : Writing [com.nicosandoval.ArquitecturaHexagonal.domain.models.Task@20f79a21]
""2024-03-02 17:11:33,427 DEBUG [http-nio-8080-exec-4] org.springframework.web.servlet.DispatcherServlet : Completed 200 OK
""2024-03-02 17:18:16,729 INFO  [SpringApplicationShutdownHook] org.springframework.orm.jpa.LocalContainerEntityManagerFactoryBean : Closing JPA EntityManagerFactory for persistence unit 'default'
""2024-03-02 17:18:16,731 INFO  [SpringApplicationShutdownHook] com.zaxxer.hikari.HikariDataSource : HikariPool-1 - Shutdown initiated...
""2024-03-02 17:18:16,737 INFO  [SpringApplicationShutdownHook] com.zaxxer.hikari.HikariDataSource : HikariPool-1 - Shutdown completed.
"